<?xml version="1.0" encoding="UTF-8"?>
<!-- Generated by org.testng.reporters.JUnitReportReporter -->
<testsuite skipped="0" hostname="Rajnis-MacBook-Air.local" name="com.inetbanking.testCases.TC_LoginTest" tests="1" failures="0" timestamp="26 Jul 2019 21:26:37 GMT" time="6.295" errors="0">
  <testcase name="loginTest" time="6.295" classname="com.inetbanking.testCases.TC_LoginTest"/>
</testsuite> <!-- com.inetbanking.testCases.TC_LoginTest -->
