<?xml version="1.0" encoding="UTF-8"?>
<!-- Generated by org.testng.reporters.JUnitReportReporter -->
<testsuite skipped="0" hostname="Rajnis-MacBook-Air.local" name="com.inetbanking.testCases.TC_AddNewCustomerTest" tests="1" failures="0" timestamp="02 Apr 2020 08:56:42 GMT" time="10.022" errors="0">
  <testcase name="addNewCustomerTest" time="10.022" classname="com.inetbanking.testCases.TC_AddNewCustomerTest"/>
</testsuite> <!-- com.inetbanking.testCases.TC_AddNewCustomerTest -->
