<?xml version="1.0" encoding="UTF-8"?>
<!-- Generated by org.testng.reporters.JUnitReportReporter -->
<testsuite skipped="0" hostname="Rajnis-MacBook-Air.local" name="com.inetbanking.testCases.TC_LoginTest" tests="1" failures="0" timestamp="02 Apr 2020 08:56:47 GMT" time="1.981" errors="0">
  <testcase name="loginTest" time="1.981" classname="com.inetbanking.testCases.TC_LoginTest"/>
</testsuite> <!-- com.inetbanking.testCases.TC_LoginTest -->
