<?xml version="1.0" encoding="UTF-8"?>
<!-- Generated by org.testng.reporters.JUnitReportReporter -->
<testsuite skipped="0" hostname="Rajnis-MacBook-Air.local" name="com.inetbanking.testCases.TC_AddNewCustomerTest" tests="1" failures="0" timestamp="28 Jul 2019 10:48:01 GMT" time="8.588" errors="0">
  <testcase name="addNewCustomerTest" time="8.588" classname="com.inetbanking.testCases.TC_AddNewCustomerTest"/>
</testsuite> <!-- com.inetbanking.testCases.TC_AddNewCustomerTest -->
